<?xml version="1.0" encoding="UTF-8"?>
<testsuite xmlns:xsi="http://www.w3.org/2001/XMLSchema-instance" xsi:noNamespaceSchemaLocation="https://maven.apache.org/surefire/maven-surefire-plugin/xsd/surefire-test-report-3.0.xsd" version="3.0" name="uk.tw.energy.controller.PricePlanComparatorControllerTest" time="0.022" tests="5" errors="0" skipped="0" failures="0">
  <properties>
[...]
</properties>
  <testcase name="recommendCheapestPricePlans_withLimit" classname="uk.tw.energy.controller.PricePlanComparatorControllerTest" time="0.012"/>
  <testcase name="recommendCheapestPricePlans_limitHigherThanNumberOfEntries" classname="uk.tw.energy.controller.PricePlanComparatorControllerTest" time="0.002"/>
  <testcase name="calculatedCostForEachPricePlan_happyPath" classname="uk.tw.energy.controller.PricePlanComparatorControllerTest" time="0.002"/>
  <testcase name="recommendCheapestPricePlans_noLimit" classname="uk.tw.energy.controller.PricePlanComparatorControllerTest" time="0.002"/>
  <testcase name="calculatedCostForEachPricePlan_noReadings" classname="uk.tw.energy.controller.PricePlanComparatorControllerTest" time="0.003"/>
</testsuite>